Determining if the pthread_create exist failed with the following output:
Change Dir: /home/sebastian/dobble/build/CMakeFiles/CMakeTmp

Run Build Command:"/usr/bin/make" "cmTC_c1636/fast"
/usr/bin/make -f CMakeFiles/cmTC_c1636.dir/build.make CMakeFiles/cmTC_c1636.dir/build
make[1] : on entre dans le répertoire « /home/sebastian/dobble/build/CMakeFiles/CMakeTmp »
Building C object CMakeFiles/cmTC_c1636.dir/CheckSymbolExists.c.o
/usr/bin/cc    -o CMakeFiles/cmTC_c1636.dir/CheckSymbolExists.c.o   -c /home/sebastian/dobble/build/CMakeFiles/CMakeTmp/CheckSymbolExists.c
Linking C executable cmTC_c1636
/usr/bin/cmake -E cmake_link_script CMakeFiles/cmTC_c1636.dir/link.txt --verbose=1
/usr/bin/cc      -rdynamic CMakeFiles/cmTC_c1636.dir/CheckSymbolExists.c.o  -o cmTC_c1636 
CMakeFiles/cmTC_c1636.dir/CheckSymbolExists.c.o : Dans la fonction « main » :
CheckSymbolExists.c:(.text+0x1b) : référence indéfinie vers « pthread_create »
collect2: error: ld returned 1 exit status
CMakeFiles/cmTC_c1636.dir/build.make:97: recipe for target 'cmTC_c1636' failed
make[1]: *** [cmTC_c1636] Error 1
make[1] : on quitte le répertoire « /home/sebastian/dobble/build/CMakeFiles/CMakeTmp »
Makefile:126: recipe for target 'cmTC_c1636/fast' failed
make: *** [cmTC_c1636/fast] Error 2

File /home/sebastian/dobble/build/CMakeFiles/CMakeTmp/CheckSymbolExists.c:
/* */
#include <pthread.h>

int main(int argc, char** argv)
{
  (void)argv;
#ifndef pthread_create
  return ((int*)(&pthread_create))[argc];
#else
  (void)argc;
  return 0;
#endif
}

Determining if the function pthread_create exists in the pthreads failed with the following output:
Change Dir: /home/sebastian/dobble/build/CMakeFiles/CMakeTmp

Run Build Command:"/usr/bin/make" "cmTC_5af9d/fast"
/usr/bin/make -f CMakeFiles/cmTC_5af9d.dir/build.make CMakeFiles/cmTC_5af9d.dir/build
make[1] : on entre dans le répertoire « /home/sebastian/dobble/build/CMakeFiles/CMakeTmp »
Building C object CMakeFiles/cmTC_5af9d.dir/CheckFunctionExists.c.o
/usr/bin/cc   -DCHECK_FUNCTION_EXISTS=pthread_create   -o CMakeFiles/cmTC_5af9d.dir/CheckFunctionExists.c.o   -c /usr/share/cmake-3.10/Modules/CheckFunctionExists.c
Linking C executable cmTC_5af9d
/usr/bin/cmake -E cmake_link_script CMakeFiles/cmTC_5af9d.dir/link.txt --verbose=1
/usr/bin/cc  -DCHECK_FUNCTION_EXISTS=pthread_create    -rdynamic CMakeFiles/cmTC_5af9d.dir/CheckFunctionExists.c.o  -o cmTC_5af9d -lpthreads 
/usr/bin/ld : ne peut trouver -lpthreads
collect2: error: ld returned 1 exit status
CMakeFiles/cmTC_5af9d.dir/build.make:97: recipe for target 'cmTC_5af9d' failed
make[1]: *** [cmTC_5af9d] Error 1
make[1] : on quitte le répertoire « /home/sebastian/dobble/build/CMakeFiles/CMakeTmp »
Makefile:126: recipe for target 'cmTC_5af9d/fast' failed
make: *** [cmTC_5af9d/fast] Error 2


